# JRE version: Java(TM) SE Runtime Environment (8.0_151-b12) (build 1.8.0_151-b12)
# Java VM: Java HotSpot(TM) 64-Bit Server VM (25.151-b12 mixed mode windows-amd64 compressed oops)
Heap:
 PSYoungGen      total 71680K, used 28310K [0x00000000d5580000, 0x00000000dba80000, 0x0000000100000000)
  eden space 60928K, 32% used [0x00000000d5580000,0x00000000d691aa60,0x00000000d9100000)
  from space 10752K, 76% used [0x00000000d9100000,0x00000000d990aec8,0x00000000d9b80000)
  to   space 11264K, 0% used [0x00000000daf80000,0x00000000daf80000,0x00000000dba80000)
 ParOldGen       total 39424K, used 13095K [0x0000000080000000, 0x0000000082680000, 0x00000000d5580000)
  object space 39424K, 33% used [0x0000000080000000,0x0000000080cc9d80,0x0000000082680000)
 Metaspace       used 33088K, capacity 34108K, committed 34432K, reserved 1081344K
  class space    used 4578K, capacity 4868K, committed 4992K, reserved 1048576K
GC Heap History (10 events):
Event: 6.152 GC heap before
{Heap before GC invocations=6 (full 0):
 PSYoungGen      total 35328K, used 35312K [0x00000000d5580000, 0x00000000da180000, 0x0000000100000000)
  eden space 32768K, 100% used [0x00000000d5580000,0x00000000d7580000,0x00000000d7580000)
  from space 2560K, 99% used [0x00000000d7580000,0x00000000d77fc030,0x00000000d7800000)
  to   space 6144K, 0% used [0x00000000d9b80000,0x00000000d9b80000,0x00000000da180000)
 ParOldGen       total 44032K, used 5330K [0x0000000080000000, 0x0000000082b00000, 0x00000000d5580000)
  object space 44032K, 12% used [0x0000000080000000,0x00000000805348d0,0x0000000082b00000)
 Metaspace       used 15440K, capacity 15836K, committed 16128K, reserved 1062912K
  class space    used 2118K, capacity 2250K, committed 2304K, reserved 1048576K
Event: 6.170 GC heap after
Heap after GC invocations=6 (full 0):
 PSYoungGen      total 70656K, used 6087K [0x00000000d5580000, 0x00000000da380000, 0x0000000100000000)
  eden space 64512K, 0% used [0x00000000d5580000,0x00000000d5580000,0x00000000d9480000)
  from space 6144K, 99% used [0x00000000d9b80000,0x00000000da171c58,0x00000000da180000)
  to   space 7168K, 0% used [0x00000000d9480000,0x00000000d9480000,0x00000000d9b80000)
 ParOldGen       total 44032K, used 5338K [0x0000000080000000, 0x0000000082b00000, 0x00000000d5580000)
  object space 44032K, 12% used [0x0000000080000000,0x00000000805368d0,0x0000000082b00000)
 Metaspace       used 15440K, capacity 15836K, committed 16128K, reserved 1062912K
  class space    used 2118K, capacity 2250K, committed 2304K, reserved 1048576K
}
Event: 9.098 GC heap before
{Heap before GC invocations=7 (full 0):
 PSYoungGen      total 70656K, used 70599K [0x00000000d5580000, 0x00000000da380000, 0x0000000100000000)
  eden space 64512K, 100% used [0x00000000d5580000,0x00000000d9480000,0x00000000d9480000)
  from space 6144K, 99% used [0x00000000d9b80000,0x00000000da171c58,0x00000000da180000)
  to   space 7168K, 0% used [0x00000000d9480000,0x00000000d9480000,0x00000000d9b80000)
 ParOldGen       total 44032K, used 5338K [0x0000000080000000, 0x0000000082b00000, 0x00000000d5580000)
  object space 44032K, 12% used [0x0000000080000000,0x00000000805368d0,0x0000000082b00000)
 Metaspace       used 20530K, capacity 21232K, committed 21296K, reserved 1067008K
  class space    used 2958K, capacity 3188K, committed 3200K, reserved 1048576K
Event: 9.126 GC heap after
Heap after GC invocations=7 (full 0):
 PSYoungGen      total 71680K, used 7157K [0x00000000d5580000, 0x00000000da380000, 0x0000000100000000)
  eden space 64512K, 0% used [0x00000000d5580000,0x00000000d5580000,0x00000000d9480000)
  from space 7168K, 99% used [0x00000000d9480000,0x00000000d9b7d620,0x00000000d9b80000)
  to   space 6144K, 0% used [0x00000000d9b80000,0x00000000d9b80000,0x00000000da180000)
 ParOldGen       total 44032K, used 8227K [0x0000000080000000, 0x0000000082b00000, 0x00000000d5580000)
  object space 44032K, 18% used [0x0000000080000000,0x0000000080808f90,0x0000000082b00000)
 Metaspace       used 20530K, capacity 21232K, committed 21296K, reserved 1067008K
  class space    used 2958K, capacity 3188K, committed 3200K, reserved 1048576K
}
Event: 9.126 GC heap before
{Heap before GC invocations=8 (full 1):
 PSYoungGen      total 71680K, used 7157K [0x00000000d5580000, 0x00000000da380000, 0x0000000100000000)
  eden space 64512K, 0% used [0x00000000d5580000,0x00000000d5580000,0x00000000d9480000)
  from space 7168K, 99% used [0x00000000d9480000,0x00000000d9b7d620,0x00000000d9b80000)
  to   space 6144K, 0% used [0x00000000d9b80000,0x00000000d9b80000,0x00000000da180000)
 ParOldGen       total 44032K, used 8227K [0x0000000080000000, 0x0000000082b00000, 0x00000000d5580000)
  object space 44032K, 18% used [0x0000000080000000,0x0000000080808f90,0x0000000082b00000)
 Metaspace       used 20530K, capacity 21232K, committed 21296K, reserved 1067008K
  class space    used 2958K, capacity 3188K, committed 3200K, reserved 1048576K
Event: 9.226 GC heap after
Heap after GC invocations=8 (full 1):
 PSYoungGen      total 71680K, used 0K [0x00000000d5580000, 0x00000000da380000, 0x0000000100000000)
  eden space 64512K, 0% used [0x00000000d5580000,0x00000000d5580000,0x00000000d9480000)
  from space 7168K, 0% used [0x00000000d9480000,0x00000000d9480000,0x00000000d9b80000)
  to   space 6144K, 0% used [0x00000000d9b80000,0x00000000d9b80000,0x00000000da180000)
 ParOldGen       total 39424K, used 11356K [0x0000000080000000, 0x0000000082680000, 0x00000000d5580000)
  object space 39424K, 28% used [0x0000000080000000,0x0000000080b173b8,0x0000000082680000)
 Metaspace       used 20530K, capacity 21232K, committed 21296K, reserved 1067008K
  class space    used 2958K, capacity 3188K, committed 3200K, reserved 1048576K
}
Event: 10.979 GC heap before
{Heap before GC invocations=9 (full 1):
 PSYoungGen      total 71680K, used 64512K [0x00000000d5580000, 0x00000000da380000, 0x0000000100000000)
  eden space 64512K, 100% used [0x00000000d5580000,0x00000000d9480000,0x00000000d9480000)
  from space 7168K, 0% used [0x00000000d9480000,0x00000000d9480000,0x00000000d9b80000)
  to   space 6144K, 0% used [0x00000000d9b80000,0x00000000d9b80000,0x00000000da180000)
 ParOldGen       total 39424K, used 11356K [0x0000000080000000, 0x0000000082680000, 0x00000000d5580000)
  object space 39424K, 28% used [0x0000000080000000,0x0000000080b173b8,0x0000000082680000)
 Metaspace       used 28034K, capacity 28818K, committed 29056K, reserved 1075200K
  class space    used 3964K, capacity 4198K, committed 4224K, reserved 1048576K
Event: 10.996 GC heap after
Heap after GC invocations=9 (full 1):
 PSYoungGen      total 67072K, used 6134K [0x00000000d5580000, 0x00000000dcb80000, 0x0000000100000000)
  eden space 60928K, 0% used [0x00000000d5580000,0x00000000d5580000,0x00000000d9100000)
  from space 6144K, 99% used [0x00000000d9b80000,0x00000000da17d9c8,0x00000000da180000)
  to   space 10752K, 0% used [0x00000000d9100000,0x00000000d9100000,0x00000000d9b80000)
 ParOldGen       total 39424K, used 13087K [0x0000000080000000, 0x0000000082680000, 0x00000000d5580000)
  object space 39424K, 33% used [0x0000000080000000,0x0000000080cc7d80,0x0000000082680000)
 Metaspace       used 28034K, capacity 28818K, committed 29056K, reserved 1075200K
  class space    used 3964K, capacity 4198K, committed 4224K, reserved 1048576K
}
Event: 12.592 GC heap before
{Heap before GC invocations=10 (full 1):
 PSYoungGen      total 67072K, used 67062K [0x00000000d5580000, 0x00000000dcb80000, 0x0000000100000000)
  eden space 60928K, 100% used [0x00000000d5580000,0x00000000d9100000,0x00000000d9100000)
  from space 6144K, 99% used [0x00000000d9b80000,0x00000000da17d9c8,0x00000000da180000)
  to   space 10752K, 0% used [0x00000000d9100000,0x00000000d9100000,0x00000000d9b80000)
 ParOldGen       total 39424K, used 13087K [0x0000000080000000, 0x0000000082680000, 0x00000000d5580000)
  object space 39424K, 33% used [0x0000000080000000,0x0000000080cc7d80,0x0000000082680000)
 Metaspace       used 32045K, capacity 32942K, committed 33152K, reserved 1077248K
  class space    used 4451K, capacity 4718K, committed 4736K, reserved 1048576K
Event: 12.612 GC heap after
Heap after GC invocations=10 (full 1):
 PSYoungGen      total 71680K, used 8235K [0x00000000d5580000, 0x00000000dba80000, 0x0000000100000000)
  eden space 60928K, 0% used [0x00000000d5580000,0x00000000d5580000,0x00000000d9100000)
  from space 10752K, 76% used [0x00000000d9100000,0x00000000d990aec8,0x00000000d9b80000)
  to   space 11264K, 0% used [0x00000000daf80000,0x00000000daf80000,0x00000000dba80000)
 ParOldGen       total 39424K, used 13095K [0x0000000080000000, 0x0000000082680000, 0x00000000d5580000)
  object space 39424K, 33% used [0x0000000080000000,0x0000000080cc9d80,0x0000000082680000)
 Metaspace       used 32045K, capacity 32942K, committed 33152K, reserved 1077248K
  class space    used 4451K, capacity 4718K, committed 4736K, reserved 1048576K
}

