# JRE version: Java(TM) SE Runtime Environment (8.0_151-b12) (build 1.8.0_151-b12)
# Java VM: Java HotSpot(TM) 64-Bit Server VM (25.151-b12 mixed mode windows-amd64 compressed oops)
Heap:
 PSYoungGen      total 69120K, used 12556K [0x00000000d5580000, 0x00000000da080000, 0x0000000100000000)
  eden space 62976K, 11% used [0x00000000d5580000,0x00000000d5c5a558,0x00000000d9300000)
  from space 6144K, 90% used [0x00000000d9980000,0x00000000d9ee8c90,0x00000000d9f80000)
  to   space 6656K, 0% used [0x00000000d9300000,0x00000000d9300000,0x00000000d9980000)
 ParOldGen       total 44032K, used 5342K [0x0000000080000000, 0x0000000082b00000, 0x00000000d5580000)
  object space 44032K, 12% used [0x0000000080000000,0x0000000080537ad0,0x0000000082b00000)
 Metaspace       used 18720K, capacity 19272K, committed 19584K, reserved 1067008K
  class space    used 2646K, capacity 2834K, committed 2944K, reserved 1048576K
GC Heap History (10 events):
Event: 3.068 GC heap before
{Heap before GC invocations=4 (full 0):
 PSYoungGen      total 18944K, used 18608K [0x00000000d5580000, 0x00000000d6a80000, 0x0000000100000000)
  eden space 16384K, 100% used [0x00000000d5580000,0x00000000d6580000,0x00000000d6580000)
  from space 2560K, 86% used [0x00000000d6580000,0x00000000d67ac010,0x00000000d6800000)
  to   space 2560K, 0% used [0x00000000d6800000,0x00000000d6800000,0x00000000d6a80000)
 ParOldGen       total 44032K, used 852K [0x0000000080000000, 0x0000000082b00000, 0x00000000d5580000)
  object space 44032K, 1% used [0x0000000080000000,0x00000000800d5220,0x0000000082b00000)
 Metaspace       used 7292K, capacity 7486K, committed 7680K, reserved 1056768K
  class space    used 928K, capacity 1007K, committed 1024K, reserved 1048576K
Event: 3.096 GC heap after
Heap after GC invocations=4 (full 0):
 PSYoungGen      total 18944K, used 2544K [0x00000000d5580000, 0x00000000d7a80000, 0x0000000100000000)
  eden space 16384K, 0% used [0x00000000d5580000,0x00000000d5580000,0x00000000d6580000)
  from space 2560K, 99% used [0x00000000d6800000,0x00000000d6a7c010,0x00000000d6a80000)
  to   space 2560K, 0% used [0x00000000d6580000,0x00000000d6580000,0x00000000d6800000)
 ParOldGen       total 44032K, used 1525K [0x0000000080000000, 0x0000000082b00000, 0x00000000d5580000)
  object space 44032K, 3% used [0x0000000080000000,0x000000008017d730,0x0000000082b00000)
 Metaspace       used 7292K, capacity 7486K, committed 7680K, reserved 1056768K
  class space    used 928K, capacity 1007K, committed 1024K, reserved 1048576K
}
Event: 3.504 GC heap before
{Heap before GC invocations=5 (full 0):
 PSYoungGen      total 18944K, used 18928K [0x00000000d5580000, 0x00000000d7a80000, 0x0000000100000000)
  eden space 16384K, 100% used [0x00000000d5580000,0x00000000d6580000,0x00000000d6580000)
  from space 2560K, 99% used [0x00000000d6800000,0x00000000d6a7c010,0x00000000d6a80000)
  to   space 2560K, 0% used [0x00000000d6580000,0x00000000d6580000,0x00000000d6800000)
 ParOldGen       total 44032K, used 1525K [0x0000000080000000, 0x0000000082b00000, 0x00000000d5580000)
  object space 44032K, 3% used [0x0000000080000000,0x000000008017d730,0x0000000082b00000)
 Metaspace       used 9124K, capacity 9318K, committed 9600K, reserved 1056768K
  class space    used 1222K, capacity 1297K, committed 1408K, reserved 1048576K
Event: 3.518 GC heap after
Heap after GC invocations=5 (full 0):
 PSYoungGen      total 18944K, used 2544K [0x00000000d5580000, 0x00000000d7e80000, 0x0000000100000000)
  eden space 16384K, 0% used [0x00000000d5580000,0x00000000d5580000,0x00000000d6580000)
  from space 2560K, 99% used [0x00000000d6580000,0x00000000d67fc010,0x00000000d6800000)
  to   space 4608K, 0% used [0x00000000d7a00000,0x00000000d7a00000,0x00000000d7e80000)
 ParOldGen       total 44032K, used 3157K [0x0000000080000000, 0x0000000082b00000, 0x00000000d5580000)
  object space 44032K, 7% used [0x0000000080000000,0x00000000803155b8,0x0000000082b00000)
 Metaspace       used 9124K, capacity 9318K, committed 9600K, reserved 1056768K
  class space    used 1222K, capacity 1297K, committed 1408K, reserved 1048576K
}
Event: 5.631 GC heap before
{Heap before GC invocations=6 (full 0):
 PSYoungGen      total 18944K, used 18928K [0x00000000d5580000, 0x00000000d7e80000, 0x0000000100000000)
  eden space 16384K, 100% used [0x00000000d5580000,0x00000000d6580000,0x00000000d6580000)
  from space 2560K, 99% used [0x00000000d6580000,0x00000000d67fc010,0x00000000d6800000)
  to   space 4608K, 0% used [0x00000000d7a00000,0x00000000d7a00000,0x00000000d7e80000)
 ParOldGen       total 44032K, used 3157K [0x0000000080000000, 0x0000000082b00000, 0x00000000d5580000)
  object space 44032K, 7% used [0x0000000080000000,0x00000000803155b8,0x0000000082b00000)
 Metaspace       used 12404K, capacity 12784K, committed 12928K, reserved 1060864K
  class space    used 1710K, capacity 1850K, committed 1920K, reserved 1048576K
Event: 5.641 GC heap after
Heap after GC invocations=6 (full 0):
 PSYoungGen      total 36352K, used 4576K [0x00000000d5580000, 0x00000000d8080000, 0x0000000100000000)
  eden space 31744K, 0% used [0x00000000d5580000,0x00000000d5580000,0x00000000d7480000)
  from space 4608K, 99% used [0x00000000d7a00000,0x00000000d7e78308,0x00000000d7e80000)
  to   space 5632K, 0% used [0x00000000d7480000,0x00000000d7480000,0x00000000d7a00000)
 ParOldGen       total 44032K, used 3354K [0x0000000080000000, 0x0000000082b00000, 0x00000000d5580000)
  object space 44032K, 7% used [0x0000000080000000,0x0000000080346a70,0x0000000082b00000)
 Metaspace       used 12404K, capacity 12784K, committed 12928K, reserved 1060864K
  class space    used 1710K, capacity 1850K, committed 1920K, reserved 1048576K
}
Event: 6.312 GC heap before
{Heap before GC invocations=7 (full 0):
 PSYoungGen      total 36352K, used 36320K [0x00000000d5580000, 0x00000000d8080000, 0x0000000100000000)
  eden space 31744K, 99% used [0x00000000d5580000,0x00000000d747fe58,0x00000000d7480000)
  from space 4608K, 99% used [0x00000000d7a00000,0x00000000d7e78308,0x00000000d7e80000)
  to   space 5632K, 0% used [0x00000000d7480000,0x00000000d7480000,0x00000000d7a00000)
 ParOldGen       total 44032K, used 3354K [0x0000000080000000, 0x0000000082b00000, 0x00000000d5580000)
  object space 44032K, 7% used [0x0000000080000000,0x0000000080346a70,0x0000000082b00000)
 Metaspace       used 15433K, capacity 15780K, committed 16128K, reserved 1062912K
  class space    used 2118K, capacity 2250K, committed 2304K, reserved 1048576K
Event: 6.328 GC heap after
Heap after GC invocations=7 (full 0):
 PSYoungGen      total 37376K, used 5336K [0x00000000d5580000, 0x00000000d9f80000, 0x0000000100000000)
  eden space 31744K, 0% used [0x00000000d5580000,0x00000000d5580000,0x00000000d7480000)
  from space 5632K, 94% used [0x00000000d7480000,0x00000000d79b63f0,0x00000000d7a00000)
  to   space 6144K, 0% used [0x00000000d9980000,0x00000000d9980000,0x00000000d9f80000)
 ParOldGen       total 44032K, used 4822K [0x0000000080000000, 0x0000000082b00000, 0x00000000d5580000)
  object space 44032K, 10% used [0x0000000080000000,0x00000000804b5ad0,0x0000000082b00000)
 Metaspace       used 15433K, capacity 15780K, committed 16128K, reserved 1062912K
  class space    used 2118K, capacity 2250K, committed 2304K, reserved 1048576K
}
Event: 6.945 GC heap before
{Heap before GC invocations=8 (full 0):
 PSYoungGen      total 37376K, used 37080K [0x00000000d5580000, 0x00000000d9f80000, 0x0000000100000000)
  eden space 31744K, 100% used [0x00000000d5580000,0x00000000d7480000,0x00000000d7480000)
  from space 5632K, 94% used [0x00000000d7480000,0x00000000d79b63f0,0x00000000d7a00000)
  to   space 6144K, 0% used [0x00000000d9980000,0x00000000d9980000,0x00000000d9f80000)
 ParOldGen       total 44032K, used 4822K [0x0000000080000000, 0x0000000082b00000, 0x00000000d5580000)
  object space 44032K, 10% used [0x0000000080000000,0x00000000804b5ad0,0x0000000082b00000)
 Metaspace       used 18131K, capacity 18704K, committed 18944K, reserved 1064960K
  class space    used 2550K, capacity 2730K, committed 2816K, reserved 1048576K
Event: 6.966 GC heap after
Heap after GC invocations=8 (full 0):
 PSYoungGen      total 69120K, used 5539K [0x00000000d5580000, 0x00000000da080000, 0x0000000100000000)
  eden space 62976K, 0% used [0x00000000d5580000,0x00000000d5580000,0x00000000d9300000)
  from space 6144K, 90% used [0x00000000d9980000,0x00000000d9ee8c90,0x00000000d9f80000)
  to   space 6656K, 0% used [0x00000000d9300000,0x00000000d9300000,0x00000000d9980000)
 ParOldGen       total 44032K, used 5342K [0x0000000080000000, 0x0000000082b00000, 0x00000000d5580000)
  object space 44032K, 12% used [0x0000000080000000,0x0000000080537ad0,0x0000000082b00000)
 Metaspace       used 18131K, capacity 18704K, committed 18944K, reserved 1064960K
  class space    used 2550K, capacity 2730K, committed 2816K, reserved 1048576K
}

